<?xml version="1.0" encoding="UTF-8"?>
<!-- Generated by org.testng.reporters.JUnitReportReporter -->
<testsuite skipped="0" hostname="Home-PC" name="com.clariontechnologies.tests.SanityTest" tests="5" failures="0" timestamp="2020-09-07T03:56:45 PDT" time="13.642" errors="0">
  <testcase name="verify_add_promise_after_click_on_log_promise_button" time="2.222" classname="com.clariontechnologies.tests.SanityTest"/>
  <system-out/>
  <testcase name="verify_promise_is_added" time="1.339" classname="com.clariontechnologies.tests.SanityTest"/>
  <system-out/>
  <testcase name="verify_user_logout" time="0.369" classname="com.clariontechnologies.tests.SanityTest"/>
  <system-out/>
  <testcase name="verify_user_login" time="8.603" classname="com.clariontechnologies.tests.SanityTest"/>
  <system-out/>
  <testcase name="verify_user_login" time="1.109" classname="com.clariontechnologies.tests.SanityTest"/>
  <system-out/>
</testsuite> <!-- com.clariontechnologies.tests.SanityTest -->
