<?xml version="1.0" encoding="UTF-8"?>
<!-- Generated by org.testng.reporters.JUnitReportReporter -->
<testsuite skipped="0" hostname="Home-PC" name="com.clariontechnologies.tests.LoginPageTest" tests="5" failures="0" timestamp="2020-09-07T03:28:37 PDT" time="13.602" errors="0">
  <testcase name="verify_add_promise_after_click_on_log_promise_button" time="2.198" classname="com.clariontechnologies.tests.LoginPageTest"/>
  <system-out/>
  <testcase name="verify_user_login" time="1.192" classname="com.clariontechnologies.tests.LoginPageTest"/>
  <system-out/>
  <testcase name="verify_user_login" time="8.641" classname="com.clariontechnologies.tests.LoginPageTest"/>
  <system-out/>
  <testcase name="verify_promise_is_added" time="1.258" classname="com.clariontechnologies.tests.LoginPageTest"/>
  <system-out/>
  <testcase name="verify_user_logout" time="0.313" classname="com.clariontechnologies.tests.LoginPageTest"/>
  <system-out/>
</testsuite> <!-- com.clariontechnologies.tests.LoginPageTest -->
